18:51:55.696 INFO  base.WebDriverFactory -OS name from system property: win
18:52:07.535 INFO  Base.CustomDriver -Goint to try clicking on sign up button
18:52:17.626 ERROR Base.CustomDriver -Element not found with cssSelector=>.tp_btn_primary
18:52:17.630 ERROR Base.CustomDriver -Cannot click on ::Sign Up Button
18:52:17.640 INFO  Utilities.Util -Date and Time :: 06_26_2023 18_52_17
18:52:17.960 INFO  Base.CustomDriver -Screen Shot Was Stored at: C:\Users\iTechnolabs 06\Desktop\Resources\Work\logytalksnew//test-output/screenshots//_Click ERROR_06_26_2023 18_52_17.png
18:52:17.983 INFO  Base.CustomDriver -Pop close btn, found with cssSelector=>.close
18:52:17.983 INFO  Base.CustomDriver -Waiting for max:: 30 seconds for element to be clickable
18:52:18.118 INFO  Base.CustomDriver -Clicked on close btn
18:52:18.163 INFO  Base.CustomDriver -login btn, found with linkText=>LOGIN
18:52:50.092 INFO  Base.CustomDriver -Clicked on::login btn
18:52:50.135 INFO  Base.CustomDriver -Entering Email, found with xpath=>//input[@id='email']
18:52:50.421 INFO  Base.CustomDriver -Send Keys on element :: Entering Email with data :: rahulsingh@yopmail.com
18:52:50.450 INFO  Base.CustomDriver -Entering Password, found with xpath=>//input[@id='password']
18:52:50.590 INFO  Base.CustomDriver -Send Keys on element :: Entering Password with data :: Test@123
18:52:50.611 INFO  Base.CustomDriver -Remember Me Button, found with cssSelector=>input#remember
18:52:50.627 INFO  Base.CustomDriver -Element :: Remember Me Button is selected
18:52:50.639 INFO  Base.CustomDriver -Remember Me Button, found with cssSelector=>input#remember
18:52:53.733 ERROR Base.CustomDriver -Cannot click on ::Remember Me Button
18:52:53.739 INFO  Utilities.Util -Date and Time :: 06_26_2023 18_52_53
18:52:53.997 INFO  Base.CustomDriver -Screen Shot Was Stored at: C:\Users\iTechnolabs 06\Desktop\Resources\Work\logytalksnew//test-output/screenshots//_Click ERROR_06_26_2023 18_52_53.png
18:52:54.025 INFO  Base.CustomDriver -Login Btn, found with cssSelector=>.update-profile-btn1
18:53:09.364 INFO  Base.CustomDriver -Clicked on::Login Btn
18:53:09.435 INFO  Base.CustomDriver -Element list found with :tagName=>a of a links
18:53:09.461 ERROR Base.CustomDriver -URL is null
18:53:09.484 ERROR Base.CustomDriver -URL belongs to another domain
18:53:09.496 ERROR Base.CustomDriver -URL belongs to another domain
18:53:09.510 ERROR Base.CustomDriver -URL is null
18:53:09.525 ERROR Base.CustomDriver -URL is null
18:53:09.540 ERROR Base.CustomDriver -URL is null
18:53:09.554 ERROR Base.CustomDriver -URL is null
