18:45:23.271 INFO  base.WebDriverFactory -OS name from system property: win
18:45:33.559 INFO  Base.CustomDriver -Pop close btn, found  Pop close btn
18:45:33.560 INFO  Base.CustomDriver -Waiting for max:: 30 seconds for element to be clickable
18:45:33.671 INFO  Base.CustomDriver -Visiblity locator, found  Visiblity locator
18:45:40.166 INFO  Base.CustomDriver -Clicked on close btn
18:45:40.229 INFO  Base.CustomDriver -login btn, found  login btn
18:45:41.319 ERROR Base.CustomDriver -Cannot click on ::login btn
18:45:41.333 INFO  Utilities.Util -Date and Time :: 06_27_2023 18_45_41
18:45:41.544 INFO  Base.CustomDriver -Screen Shot Was Stored at: C:\Users\iTechnolabs 06\Desktop\Resources\Work\logytalksnew//test-output/screenshots//_Click ERROR_06_27_2023 18_45_41.png
18:45:41.565 INFO  base.CheckPoint -Clearing Results Hash Map
18:45:44.648 ERROR Base.CustomDriver -Element not found Entering Email
18:45:44.650 ERROR Base.CustomDriver -Cannot send keys on element :: Entering Email with data :: 
18:45:47.788 ERROR Base.CustomDriver -Element not found Entering Password
18:45:47.805 ERROR Base.CustomDriver -Cannot send keys on element :: Entering Password with data :: Test@123
18:45:50.936 ERROR Base.CustomDriver -Element not found Remember Me Button
18:45:53.978 ERROR Base.CustomDriver -Element not found Remember Me Button
18:45:53.979 ERROR Base.CustomDriver -Cannot click on ::Remember Me Button
18:45:53.981 INFO  Utilities.Util -Date and Time :: 06_27_2023 18_45_53
18:45:54.232 INFO  Base.CustomDriver -Screen Shot Was Stored at: C:\Users\iTechnolabs 06\Desktop\Resources\Work\logytalksnew//test-output/screenshots//_Click ERROR_06_27_2023 18_45_53.png
18:45:57.314 ERROR Base.CustomDriver -Element not found Login Btn
18:45:57.316 ERROR Base.CustomDriver -Cannot click on ::Login Btn
18:45:57.317 INFO  Utilities.Util -Date and Time :: 06_27_2023 18_45_57
18:45:57.551 INFO  Base.CustomDriver -Screen Shot Was Stored at: C:\Users\iTechnolabs 06\Desktop\Resources\Work\logytalksnew//test-output/screenshots//_Click ERROR_06_27_2023 18_45_57.png
18:46:00.628 INFO  Base.CustomDriver -Element list found  :Profile 
18:46:00.629 INFO  Base.CustomDriver -Profile Element is not present
18:46:00.634 INFO  testclasses.VerifyLoginFeature -------------------------------------------------------------
18:46:03.678 INFO  Base.CustomDriver -Element list found  :Profile 
18:46:03.678 INFO  Base.CustomDriver -Profile Element is not present
18:46:03.679 INFO  Base.CustomDriver -Checking to see if current url contains login
18:46:03.704 INFO  Base.CustomDriver -login btn, found  login btn
18:46:04.807 ERROR Base.CustomDriver -Cannot click on ::login btn
18:46:04.823 INFO  Utilities.Util -Date and Time :: 06_27_2023 18_46_04
18:46:05.128 INFO  Base.CustomDriver -Screen Shot Was Stored at: C:\Users\iTechnolabs 06\Desktop\Resources\Work\logytalksnew//test-output/screenshots//_Click ERROR_06_27_2023 18_46_04.png
18:46:05.130 INFO  base.CheckPoint -Clearing Results Hash Map
18:46:08.168 ERROR Base.CustomDriver -Element not found Entering Email
18:46:08.171 ERROR Base.CustomDriver -Cannot send keys on element :: Entering Email with data :: rahulsingh@yopmail.com
