18:51:02.214 INFO  Base.CustomDriver -Element list found  :Profile 
18:51:02.217 INFO  Base.CustomDriver -Profile Element is not present
18:51:02.217 INFO  Base.CustomDriver -Checking to see if current url contains login
18:51:02.237 INFO  Base.CustomDriver -login btn, found  login btn
18:51:03.335 ERROR Base.CustomDriver -Cannot click on ::login btn
18:51:03.352 INFO  Utilities.Util -Date and Time :: 06_27_2023 18_51_03
18:51:03.585 INFO  Base.CustomDriver -Screen Shot Was Stored at: C:\Users\iTechnolabs 06\Desktop\Resources\Work\logytalksnew//test-output/screenshots//_Click ERROR_06_27_2023 18_51_03.png
18:51:03.587 INFO  base.CheckPoint -Clearing Results Hash Map
18:51:06.610 ERROR Base.CustomDriver -Element not found Entering Email
18:51:06.611 ERROR Base.CustomDriver -Cannot send keys on element :: Entering Email with data :: rahulsingh@yopmail.com
18:51:09.637 ERROR Base.CustomDriver -Element not found Entering Password
18:51:09.638 ERROR Base.CustomDriver -Cannot send keys on element :: Entering Password with data :: 
18:51:12.670 ERROR Base.CustomDriver -Element not found Remember Me Button
18:51:13.958 ERROR Base.CustomDriver -Element not found Remember Me Button
18:51:13.964 ERROR Base.CustomDriver -Cannot click on ::Remember Me Button
18:51:13.965 INFO  Utilities.Util -Date and Time :: 06_27_2023 18_51_13
18:51:14.017 ERROR Base.CustomDriver -Esception ocurred while taking screenshot
18:51:14.025 ERROR Base.CustomDriver -Element not found Login Btn
18:51:14.026 ERROR Base.CustomDriver -Cannot click on ::Login Btn
18:51:14.026 INFO  Utilities.Util -Date and Time :: 06_27_2023 18_51_14
18:51:14.037 ERROR Base.CustomDriver -Esception ocurred while taking screenshot
18:51:14.052 ERROR Base.CustomDriver -Element list not found  : Profile 
18:51:14.055 INFO  Base.CustomDriver -Profile Element is not present
18:51:14.057 INFO  testclasses.VerifyLoginFeature -------------------------------------------------------------
18:51:14.070 ERROR Base.CustomDriver -Element list not found  : Profile 
18:51:14.070 INFO  Base.CustomDriver -Profile Element is not present
18:51:14.070 INFO  Base.CustomDriver -Checking to see if current url contains login
